<?xml version="1.0" encoding="UTF-8"?>
<coverage generated="1659082735155" clover="3.2.0">
  <project timestamp="1659082735155" name="All files">
    <metrics statements="8" coveredstatements="8" conditionals="1" coveredconditionals="1" methods="3" coveredmethods="3" elements="12" coveredelements="12" complexity="0" loc="8" ncloc="8" packages="1" files="1" classes="1"/>
    <file name="useForm.js" path="C:\Users\sebas\OneDrive\Escritorio\Testing\Section 12\src\hooks\useForm.js">
      <metrics statements="8" coveredstatements="8" conditionals="1" coveredconditionals="1" methods="3" coveredmethods="3"/>
      <line num="3" count="1" type="cond" truecount="1" falsecount="0"/>
      <line num="4" count="6" type="stmt"/>
      <line num="6" count="6" type="stmt"/>
      <line num="7" count="2" type="stmt"/>
      <line num="8" count="2" type="stmt"/>
      <line num="14" count="6" type="stmt"/>
      <line num="15" count="1" type="stmt"/>
      <line num="18" count="6" type="stmt"/>
    </file>
  </project>
</coverage>
