{"C:\\Users\\sebas\\OneDrive\\Escritorio\\Testing\\Section 12\\src\\03-examples\\LoadingQuote.jsx": {"path":"C:\\Users\\sebas\\OneDrive\\Escritorio\\Testing\\Section 12\\src\\03-examples\\LoadingQuote.jsx","statementMap":{"0":{"start":{"line":3,"column":28},"end":{"line":9,"column":1}},"1":{"start":{"line":4,"column":2},"end":{"line":8,"column":3}}},"fnMap":{"0":{"name":"(anonymous_0)","decl":{"start":{"line":3,"column":28},"end":{"line":3,"column":29}},"loc":{"start":{"line":3,"column":34},"end":{"line":9,"column":1}},"line":3}},"branchMap":{},"s":{"0":1,"1":1},"f":{"0":1},"b":{},"_coverageSchema":"1a1c01bbd47fc00a2c39e90264f33305004495a9","hash":"c7d9818e5c3bb4bb7de80bcee0f15719d7ede4fe"}
,"C:\\Users\\sebas\\OneDrive\\Escritorio\\Testing\\Section 12\\src\\03-examples\\MultipleCustomHooks.jsx": {"path":"C:\\Users\\sebas\\OneDrive\\Escritorio\\Testing\\Section 12\\src\\03-examples\\MultipleCustomHooks.jsx","statementMap":{"0":{"start":{"line":4,"column":35},"end":{"line":27,"column":1}},"1":{"start":{"line":5,"column":33},"end":{"line":5,"column":46}},"2":{"start":{"line":6,"column":40},"end":{"line":8,"column":3}},"3":{"start":{"line":9,"column":28},"end":{"line":9,"column":45}},"4":{"start":{"line":11,"column":2},"end":{"line":26,"column":4}},"5":{"start":{"line":21,"column":23},"end":{"line":21,"column":34}}},"fnMap":{"0":{"name":"(anonymous_0)","decl":{"start":{"line":4,"column":35},"end":{"line":4,"column":36}},"loc":{"start":{"line":4,"column":41},"end":{"line":27,"column":1}},"line":4},"1":{"name":"(anonymous_1)","decl":{"start":{"line":21,"column":17},"end":{"line":21,"column":18}},"loc":{"start":{"line":21,"column":23},"end":{"line":21,"column":34}},"line":21}},"branchMap":{"0":{"loc":{"start":{"line":9,"column":28},"end":{"line":9,"column":45}},"type":"binary-expr","locations":[{"start":{"line":9,"column":28},"end":{"line":9,"column":34}},{"start":{"line":9,"column":38},"end":{"line":9,"column":45}}],"line":9},"1":{"loc":{"start":{"line":16,"column":7},"end":{"line":16,"column":77}},"type":"cond-expr","locations":[{"start":{"line":16,"column":19},"end":{"line":16,"column":35}},{"start":{"line":16,"column":38},"end":{"line":16,"column":77}}],"line":16}},"s":{"0":1,"1":3,"2":3,"3":3,"4":3,"5":1},"f":{"0":3,"1":1},"b":{"0":[3,2],"1":[1,2]},"_coverageSchema":"1a1c01bbd47fc00a2c39e90264f33305004495a9","hash":"e6fff8a6d929aecfa491b92c4b7cbb75807b55d1"}
,"C:\\Users\\sebas\\OneDrive\\Escritorio\\Testing\\Section 12\\src\\03-examples\\Quote.jsx": {"path":"C:\\Users\\sebas\\OneDrive\\Escritorio\\Testing\\Section 12\\src\\03-examples\\Quote.jsx","statementMap":{"0":{"start":{"line":3,"column":21},"end":{"line":24,"column":1}},"1":{"start":{"line":4,"column":15},"end":{"line":4,"column":23}},"2":{"start":{"line":5,"column":32},"end":{"line":5,"column":65}},"3":{"start":{"line":7,"column":2},"end":{"line":10,"column":14}},"4":{"start":{"line":8,"column":30},"end":{"line":8,"column":66}},"5":{"start":{"line":9,"column":4},"end":{"line":9,"column":34}},"6":{"start":{"line":12,"column":2},"end":{"line":23,"column":4}}},"fnMap":{"0":{"name":"(anonymous_0)","decl":{"start":{"line":3,"column":21},"end":{"line":3,"column":22}},"loc":{"start":{"line":3,"column":44},"end":{"line":24,"column":1}},"line":3},"1":{"name":"(anonymous_1)","decl":{"start":{"line":7,"column":18},"end":{"line":7,"column":19}},"loc":{"start":{"line":7,"column":24},"end":{"line":10,"column":3}},"line":7}},"branchMap":{},"s":{"0":1,"1":4,"2":4,"3":4,"4":2,"5":2,"6":4},"f":{"0":4,"1":2},"b":{},"_coverageSchema":"1a1c01bbd47fc00a2c39e90264f33305004495a9","hash":"97e04a510d29fd5b9aeb82f86f3abf8acaa7e898"}
,"C:\\Users\\sebas\\OneDrive\\Escritorio\\Testing\\Section 12\\src\\03-examples\\index.js": {"path":"C:\\Users\\sebas\\OneDrive\\Escritorio\\Testing\\Section 12\\src\\03-examples\\index.js","statementMap":{},"fnMap":{},"branchMap":{},"s":{},"f":{},"b":{},"_coverageSchema":"1a1c01bbd47fc00a2c39e90264f33305004495a9","hash":"93965023a8a87fb68a1bab2b5c0662cd470141bc"}
,"C:\\Users\\sebas\\OneDrive\\Escritorio\\Testing\\Section 12\\src\\08-useReducer\\todoReducer.js": {"path":"C:\\Users\\sebas\\OneDrive\\Escritorio\\Testing\\Section 12\\src\\08-useReducer\\todoReducer.js","statementMap":{"0":{"start":{"line":3,"column":27},"end":{"line":31,"column":1}},"1":{"start":{"line":6,"column":4},"end":{"line":28,"column":5}},"2":{"start":{"line":8,"column":12},"end":{"line":8,"column":55}},"3":{"start":{"line":11,"column":12},"end":{"line":11,"column":77}},"4":{"start":{"line":11,"column":48},"end":{"line":11,"column":74}},"5":{"start":{"line":14,"column":12},"end":{"line":24,"column":15}},"6":{"start":{"line":16,"column":16},"end":{"line":21,"column":17}},"7":{"start":{"line":17,"column":20},"end":{"line":20,"column":21}},"8":{"start":{"line":23,"column":16},"end":{"line":23,"column":28}},"9":{"start":{"line":27,"column":12},"end":{"line":27,"column":32}}},"fnMap":{"0":{"name":"(anonymous_0)","decl":{"start":{"line":3,"column":27},"end":{"line":3,"column":28}},"loc":{"start":{"line":3,"column":60},"end":{"line":31,"column":1}},"line":3},"1":{"name":"(anonymous_1)","decl":{"start":{"line":11,"column":40},"end":{"line":11,"column":41}},"loc":{"start":{"line":11,"column":48},"end":{"line":11,"column":74}},"line":11},"2":{"name":"(anonymous_2)","decl":{"start":{"line":14,"column":37},"end":{"line":14,"column":38}},"loc":{"start":{"line":14,"column":45},"end":{"line":24,"column":13}},"line":14}},"branchMap":{"0":{"loc":{"start":{"line":3,"column":29},"end":{"line":3,"column":46}},"type":"default-arg","locations":[{"start":{"line":3,"column":44},"end":{"line":3,"column":46}}],"line":3},"1":{"loc":{"start":{"line":6,"column":4},"end":{"line":28,"column":5}},"type":"switch","locations":[{"start":{"line":7,"column":8},"end":{"line":8,"column":55}},{"start":{"line":10,"column":8},"end":{"line":11,"column":77}},{"start":{"line":13,"column":8},"end":{"line":24,"column":15}},{"start":{"line":26,"column":8},"end":{"line":27,"column":32}}],"line":6},"2":{"loc":{"start":{"line":16,"column":16},"end":{"line":21,"column":17}},"type":"if","locations":[{"start":{"line":16,"column":16},"end":{"line":21,"column":17}},{"start":{},"end":{}}],"line":16}},"s":{"0":1,"1":0,"2":0,"3":0,"4":0,"5":0,"6":0,"7":0,"8":0,"9":0},"f":{"0":0,"1":0,"2":0},"b":{"0":[0],"1":[0,0,0,0],"2":[0,0]},"_coverageSchema":"1a1c01bbd47fc00a2c39e90264f33305004495a9","hash":"f81ff1981f584e200456eb7d68decf26c1d75f7c"}
,"C:\\Users\\sebas\\OneDrive\\Escritorio\\Testing\\Section 12\\src\\hooks\\index.js": {"path":"C:\\Users\\sebas\\OneDrive\\Escritorio\\Testing\\Section 12\\src\\hooks\\index.js","statementMap":{},"fnMap":{},"branchMap":{},"s":{},"f":{},"b":{},"_coverageSchema":"1a1c01bbd47fc00a2c39e90264f33305004495a9","hash":"29b90b9b19ed99475d35bd12bc23e03927f56fbd"}
,"C:\\Users\\sebas\\OneDrive\\Escritorio\\Testing\\Section 12\\src\\hooks\\useCounter.js": {"path":"C:\\Users\\sebas\\OneDrive\\Escritorio\\Testing\\Section 12\\src\\hooks\\useCounter.js","statementMap":{"0":{"start":{"line":3,"column":26},"end":{"line":26,"column":1}},"1":{"start":{"line":4,"column":32},"end":{"line":4,"column":54}},"2":{"start":{"line":6,"column":20},"end":{"line":8,"column":3}},"3":{"start":{"line":7,"column":4},"end":{"line":7,"column":45}},"4":{"start":{"line":7,"column":28},"end":{"line":7,"column":43}},"5":{"start":{"line":10,"column":20},"end":{"line":14,"column":3}},"6":{"start":{"line":13,"column":4},"end":{"line":13,"column":32}},"7":{"start":{"line":16,"column":16},"end":{"line":18,"column":3}},"8":{"start":{"line":17,"column":4},"end":{"line":17,"column":29}},"9":{"start":{"line":20,"column":2},"end":{"line":25,"column":4}}},"fnMap":{"0":{"name":"(anonymous_0)","decl":{"start":{"line":3,"column":26},"end":{"line":3,"column":27}},"loc":{"start":{"line":3,"column":49},"end":{"line":26,"column":1}},"line":3},"1":{"name":"(anonymous_1)","decl":{"start":{"line":6,"column":20},"end":{"line":6,"column":21}},"loc":{"start":{"line":6,"column":35},"end":{"line":8,"column":3}},"line":6},"2":{"name":"(anonymous_2)","decl":{"start":{"line":7,"column":15},"end":{"line":7,"column":16}},"loc":{"start":{"line":7,"column":28},"end":{"line":7,"column":43}},"line":7},"3":{"name":"(anonymous_3)","decl":{"start":{"line":10,"column":20},"end":{"line":10,"column":21}},"loc":{"start":{"line":10,"column":35},"end":{"line":14,"column":3}},"line":10},"4":{"name":"(anonymous_4)","decl":{"start":{"line":16,"column":16},"end":{"line":16,"column":17}},"loc":{"start":{"line":16,"column":22},"end":{"line":18,"column":3}},"line":16}},"branchMap":{"0":{"loc":{"start":{"line":3,"column":27},"end":{"line":3,"column":44}},"type":"default-arg","locations":[{"start":{"line":3,"column":42},"end":{"line":3,"column":44}}],"line":3},"1":{"loc":{"start":{"line":6,"column":21},"end":{"line":6,"column":30}},"type":"default-arg","locations":[{"start":{"line":6,"column":29},"end":{"line":6,"column":30}}],"line":6},"2":{"loc":{"start":{"line":10,"column":21},"end":{"line":10,"column":30}},"type":"default-arg","locations":[{"start":{"line":10,"column":29},"end":{"line":10,"column":30}}],"line":10}},"s":{"0":2,"1":8,"2":8,"3":2,"4":2,"5":8,"6":2,"7":8,"8":1,"9":8},"f":{"0":8,"1":2,"2":2,"3":2,"4":1},"b":{"0":[7],"1":[1],"2":[2]},"_coverageSchema":"1a1c01bbd47fc00a2c39e90264f33305004495a9","hash":"f135caf3d85593499b85df6229f5be4de3ffaf29"}
,"C:\\Users\\sebas\\OneDrive\\Escritorio\\Testing\\Section 12\\src\\hooks\\useFetch.js": {"path":"C:\\Users\\sebas\\OneDrive\\Escritorio\\Testing\\Section 12\\src\\hooks\\useFetch.js","statementMap":{"0":{"start":{"line":3,"column":24},"end":{"line":35,"column":1}},"1":{"start":{"line":4,"column":28},"end":{"line":8,"column":4}},"2":{"start":{"line":10,"column":19},"end":{"line":24,"column":3}},"3":{"start":{"line":11,"column":4},"end":{"line":14,"column":7}},"4":{"start":{"line":16,"column":17},"end":{"line":16,"column":33}},"5":{"start":{"line":17,"column":17},"end":{"line":17,"column":34}},"6":{"start":{"line":19,"column":4},"end":{"line":23,"column":7}},"7":{"start":{"line":26,"column":2},"end":{"line":28,"column":12}},"8":{"start":{"line":27,"column":4},"end":{"line":27,"column":15}},"9":{"start":{"line":30,"column":2},"end":{"line":34,"column":4}}},"fnMap":{"0":{"name":"(anonymous_0)","decl":{"start":{"line":3,"column":24},"end":{"line":3,"column":25}},"loc":{"start":{"line":3,"column":33},"end":{"line":35,"column":1}},"line":3},"1":{"name":"(anonymous_1)","decl":{"start":{"line":10,"column":19},"end":{"line":10,"column":20}},"loc":{"start":{"line":10,"column":31},"end":{"line":24,"column":3}},"line":10},"2":{"name":"(anonymous_2)","decl":{"start":{"line":26,"column":12},"end":{"line":26,"column":13}},"loc":{"start":{"line":26,"column":18},"end":{"line":28,"column":3}},"line":26}},"branchMap":{},"s":{"0":1,"1":0,"2":0,"3":0,"4":0,"5":0,"6":0,"7":0,"8":0,"9":0},"f":{"0":0,"1":0,"2":0},"b":{},"_coverageSchema":"1a1c01bbd47fc00a2c39e90264f33305004495a9","hash":"ec5f27f2cd5d06ae65d8f38f46b1b8590560e23b"}
,"C:\\Users\\sebas\\OneDrive\\Escritorio\\Testing\\Section 12\\src\\hooks\\useForm.js": {"path":"C:\\Users\\sebas\\OneDrive\\Escritorio\\Testing\\Section 12\\src\\hooks\\useForm.js","statementMap":{"0":{"start":{"line":3,"column":23},"end":{"line":24,"column":1}},"1":{"start":{"line":4,"column":36},"end":{"line":4,"column":57}},"2":{"start":{"line":6,"column":24},"end":{"line":12,"column":3}},"3":{"start":{"line":7,"column":28},"end":{"line":7,"column":34}},"4":{"start":{"line":8,"column":4},"end":{"line":11,"column":7}},"5":{"start":{"line":14,"column":22},"end":{"line":16,"column":3}},"6":{"start":{"line":15,"column":4},"end":{"line":15,"column":30}},"7":{"start":{"line":18,"column":2},"end":{"line":23,"column":4}}},"fnMap":{"0":{"name":"(anonymous_0)","decl":{"start":{"line":3,"column":23},"end":{"line":3,"column":24}},"loc":{"start":{"line":3,"column":45},"end":{"line":24,"column":1}},"line":3},"1":{"name":"(anonymous_1)","decl":{"start":{"line":6,"column":24},"end":{"line":6,"column":25}},"loc":{"start":{"line":6,"column":40},"end":{"line":12,"column":3}},"line":6},"2":{"name":"(anonymous_2)","decl":{"start":{"line":14,"column":22},"end":{"line":14,"column":23}},"loc":{"start":{"line":14,"column":28},"end":{"line":16,"column":3}},"line":14}},"branchMap":{"0":{"loc":{"start":{"line":3,"column":24},"end":{"line":3,"column":40}},"type":"default-arg","locations":[{"start":{"line":3,"column":38},"end":{"line":3,"column":40}}],"line":3}},"s":{"0":2,"1":6,"2":6,"3":2,"4":2,"5":6,"6":1,"7":6},"f":{"0":6,"1":2,"2":1},"b":{"0":[1]},"_coverageSchema":"1a1c01bbd47fc00a2c39e90264f33305004495a9","hash":"870e0af37b51b565d8007f63bb7dd83ed3ea4de7"}
,"C:\\Users\\sebas\\OneDrive\\Escritorio\\Testing\\Section 12\\src\\hooks\\useTodos.js": {"path":"C:\\Users\\sebas\\OneDrive\\Escritorio\\Testing\\Section 12\\src\\hooks\\useTodos.js","statementMap":{"0":{"start":{"line":4,"column":13},"end":{"line":6,"column":1}},"1":{"start":{"line":5,"column":2},"end":{"line":5,"column":57}},"2":{"start":{"line":8,"column":24},"end":{"line":48,"column":1}},"3":{"start":{"line":9,"column":28},"end":{"line":9,"column":61}},"4":{"start":{"line":11,"column":2},"end":{"line":13,"column":14}},"5":{"start":{"line":12,"column":4},"end":{"line":12,"column":57}},"6":{"start":{"line":15,"column":24},"end":{"line":22,"column":3}},"7":{"start":{"line":16,"column":19},"end":{"line":19,"column":5}},"8":{"start":{"line":21,"column":4},"end":{"line":21,"column":21}},"9":{"start":{"line":24,"column":27},"end":{"line":29,"column":3}},"10":{"start":{"line":25,"column":4},"end":{"line":28,"column":7}},"11":{"start":{"line":31,"column":27},"end":{"line":36,"column":3}},"12":{"start":{"line":32,"column":4},"end":{"line":35,"column":7}},"13":{"start":{"line":38,"column":2},"end":{"line":47,"column":4}},"14":{"start":{"line":42,"column":46},"end":{"line":42,"column":56}}},"fnMap":{"0":{"name":"(anonymous_0)","decl":{"start":{"line":4,"column":13},"end":{"line":4,"column":14}},"loc":{"start":{"line":4,"column":19},"end":{"line":6,"column":1}},"line":4},"1":{"name":"(anonymous_1)","decl":{"start":{"line":8,"column":24},"end":{"line":8,"column":25}},"loc":{"start":{"line":8,"column":30},"end":{"line":48,"column":1}},"line":8},"2":{"name":"(anonymous_2)","decl":{"start":{"line":11,"column":12},"end":{"line":11,"column":13}},"loc":{"start":{"line":11,"column":18},"end":{"line":13,"column":3}},"line":11},"3":{"name":"(anonymous_3)","decl":{"start":{"line":15,"column":24},"end":{"line":15,"column":25}},"loc":{"start":{"line":15,"column":34},"end":{"line":22,"column":3}},"line":15},"4":{"name":"(anonymous_4)","decl":{"start":{"line":24,"column":27},"end":{"line":24,"column":28}},"loc":{"start":{"line":24,"column":35},"end":{"line":29,"column":3}},"line":24},"5":{"name":"(anonymous_5)","decl":{"start":{"line":31,"column":27},"end":{"line":31,"column":28}},"loc":{"start":{"line":31,"column":35},"end":{"line":36,"column":3}},"line":31},"6":{"name":"(anonymous_6)","decl":{"start":{"line":42,"column":36},"end":{"line":42,"column":37}},"loc":{"start":{"line":42,"column":46},"end":{"line":42,"column":56}},"line":42}},"branchMap":{"0":{"loc":{"start":{"line":5,"column":9},"end":{"line":5,"column":56}},"type":"binary-expr","locations":[{"start":{"line":5,"column":9},"end":{"line":5,"column":50}},{"start":{"line":5,"column":54},"end":{"line":5,"column":56}}],"line":5}},"s":{"0":1,"1":0,"2":1,"3":0,"4":0,"5":0,"6":0,"7":0,"8":0,"9":0,"10":0,"11":0,"12":0,"13":0,"14":0},"f":{"0":0,"1":0,"2":0,"3":0,"4":0,"5":0,"6":0},"b":{"0":[0,0]},"_coverageSchema":"1a1c01bbd47fc00a2c39e90264f33305004495a9","hash":"7377f6b1e23cb4f9db2780e931bbad26f0e00578"}
}
